Starting episode 1/1000000
Starting episode 2/1000000
Starting episode 3/1000000
Starting episode 4/1000000
Starting episode 5/1000000
Starting episode 6/1000000
Starting episode 7/1000000
Starting episode 8/1000000
Starting episode 9/1000000
Starting episode 10/1000000
Starting episode 11/1000000
Starting episode 12/1000000
Starting episode 13/1000000
Starting episode 14/1000000
Starting episode 15/1000000
Starting episode 16/1000000
Starting episode 17/1000000
Starting episode 18/1000000
Starting episode 19/1000000
Starting episode 20/1000000
Starting episode 21/1000000
Starting episode 22/1000000
Starting episode 23/1000000
Starting episode 24/1000000
Starting episode 25/1000000
Starting episode 26/1000000
Starting episode 27/1000000
Starting episode 28/1000000
Starting episode 29/1000000
Starting episode 30/1000000
Starting episode 31/1000000
Starting episode 32/1000000
Starting episode 33/1000000
Starting episode 34/1000000
Starting episode 35/1000000
Starting episode 36/1000000
Starting episode 37/1000000
Starting episode 38/1000000
Starting episode 39/1000000
Starting episode 40/1000000
Starting episode 41/1000000
Starting episode 42/1000000
Starting episode 43/1000000
Starting episode 44/1000000
Starting episode 45/1000000
Starting episode 46/1000000
Starting episode 47/1000000
Starting episode 48/1000000
Starting episode 49/1000000
Starting episode 50/1000000
Starting episode 51/1000000
Starting episode 52/1000000
Starting episode 53/1000000
Starting episode 54/1000000
Starting episode 55/1000000
Starting episode 56/1000000
Starting episode 57/1000000
Starting episode 58/1000000
Starting episode 59/1000000
Starting episode 60/1000000
Starting episode 61/1000000
Starting episode 62/1000000
Starting episode 63/1000000
Starting episode 64/1000000
Starting episode 65/1000000
Starting episode 66/1000000
Starting episode 67/1000000
Starting episode 68/1000000
Starting episode 69/1000000
Starting episode 70/1000000
Starting episode 71/1000000
Starting episode 72/1000000
Starting episode 73/1000000
Starting episode 74/1000000
Starting episode 75/1000000
Starting episode 76/1000000
Starting episode 77/1000000
Starting episode 78/1000000
Starting episode 79/1000000
Starting episode 80/1000000
Starting episode 81/1000000
Starting episode 82/1000000
Starting episode 83/1000000
Starting episode 84/1000000
Starting episode 85/1000000
Starting episode 86/1000000
Starting episode 87/1000000
Starting episode 88/1000000
Starting episode 89/1000000
Starting episode 90/1000000
Starting episode 91/1000000
Starting episode 92/1000000
Starting episode 93/1000000
Starting episode 94/1000000
Starting episode 95/1000000
Starting episode 96/1000000
Starting episode 97/1000000
Starting episode 98/1000000
Starting episode 99/1000000
Starting episode 100/1000000
Starting episode 101/1000000
Starting episode 102/1000000
Starting episode 103/1000000
Starting episode 104/1000000
Starting episode 105/1000000
Starting episode 106/1000000
Starting episode 107/1000000
Starting episode 108/1000000
Starting episode 109/1000000
Starting episode 110/1000000
Starting episode 111/1000000
Starting episode 112/1000000
Starting episode 113/1000000
Starting episode 114/1000000
Starting episode 115/1000000
Starting episode 116/1000000
Starting episode 117/1000000
Starting episode 118/1000000
Starting episode 119/1000000
Starting episode 120/1000000
Starting episode 121/1000000
Starting episode 122/1000000
Starting episode 123/1000000
Starting episode 124/1000000
Starting episode 125/1000000
Starting episode 126/1000000
Starting episode 127/1000000
Starting episode 128/1000000
Starting episode 129/1000000
Starting episode 130/1000000
Starting episode 131/1000000
Starting episode 132/1000000
Starting episode 133/1000000
Starting episode 134/1000000
Starting episode 135/1000000
Starting episode 136/1000000
Starting episode 137/1000000
Starting episode 138/1000000
Starting episode 139/1000000
Starting episode 140/1000000
Starting episode 141/1000000
Starting episode 142/1000000
Starting episode 143/1000000
Starting episode 144/1000000
Starting episode 145/1000000
Starting episode 146/1000000
Starting episode 147/1000000
Starting episode 148/1000000
Starting episode 149/1000000
Starting episode 150/1000000
Starting episode 151/1000000
Starting episode 152/1000000
Starting episode 153/1000000
Starting episode 154/1000000
Starting episode 155/1000000
Starting episode 156/1000000
Starting episode 157/1000000
Starting episode 158/1000000
Starting episode 159/1000000
Starting episode 160/1000000
Starting episode 161/1000000
Starting episode 162/1000000
Starting episode 163/1000000
Starting episode 164/1000000
Starting episode 165/1000000
Starting episode 166/1000000
Starting episode 167/1000000
Starting episode 168/1000000
Starting episode 169/1000000
Starting episode 170/1000000
Starting episode 171/1000000
Starting episode 172/1000000
Starting episode 173/1000000
Starting episode 174/1000000
Starting episode 175/1000000
Starting episode 176/1000000
Starting episode 177/1000000
Starting episode 178/1000000
Starting episode 179/1000000
Starting episode 180/1000000
Starting episode 181/1000000
Starting episode 182/1000000
Starting episode 183/1000000
Starting episode 184/1000000
Starting episode 185/1000000
Starting episode 186/1000000
Starting episode 187/1000000
Starting episode 188/1000000
Starting episode 189/1000000
Starting episode 190/1000000
Starting episode 191/1000000
Starting episode 192/1000000
Starting episode 193/1000000
Starting episode 194/1000000
Starting episode 195/1000000
Starting episode 196/1000000
Starting episode 197/1000000
Starting episode 198/1000000
Starting episode 199/1000000
Starting episode 200/1000000
Starting episode 201/1000000
Starting episode 202/1000000
Starting episode 203/1000000
Starting episode 204/1000000
Starting episode 205/1000000
Starting episode 206/1000000
Starting episode 207/1000000
Starting episode 208/1000000
Starting episode 209/1000000
Starting episode 210/1000000
Starting episode 211/1000000
Starting episode 212/1000000
Starting episode 213/1000000
Starting episode 214/1000000
Starting episode 215/1000000
Starting episode 216/1000000
Starting episode 217/1000000
Starting episode 218/1000000
Starting episode 219/1000000
Starting episode 220/1000000
Starting episode 221/1000000
Starting episode 222/1000000
Starting episode 223/1000000
Starting episode 224/1000000
Starting episode 225/1000000
Starting episode 226/1000000
Starting episode 227/1000000
Starting episode 228/1000000
Starting episode 229/1000000
Starting episode 230/1000000
Starting episode 231/1000000
Starting episode 232/1000000
Starting episode 233/1000000
Starting episode 234/1000000
Starting episode 235/1000000
Starting episode 236/1000000
Starting episode 237/1000000
Starting episode 238/1000000
Starting episode 239/1000000
Starting episode 240/1000000
Starting episode 241/1000000
Starting episode 242/1000000
Starting episode 243/1000000
Starting episode 244/1000000
Starting episode 245/1000000
Starting episode 246/1000000
Starting episode 247/1000000
Starting episode 248/1000000
Starting episode 249/1000000
Starting episode 250/1000000
Starting episode 251/1000000
Starting episode 252/1000000
Starting episode 253/1000000
Starting episode 254/1000000
Starting episode 255/1000000
Starting episode 256/1000000
Starting episode 257/1000000
Starting episode 258/1000000
Starting episode 259/1000000
Starting episode 260/1000000
Starting episode 261/1000000
Starting episode 262/1000000
Starting episode 263/1000000
Starting episode 264/1000000
Starting episode 265/1000000
Starting episode 266/1000000
Starting episode 267/1000000
Starting episode 268/1000000
Starting episode 269/1000000
Starting episode 270/1000000
Starting episode 271/1000000
Starting episode 272/1000000
Starting episode 273/1000000
Starting episode 274/1000000
Starting episode 275/1000000
Starting episode 276/1000000
Starting episode 277/1000000
Starting episode 278/1000000
Starting episode 279/1000000
Starting episode 280/1000000
Starting episode 281/1000000
Starting episode 282/1000000
Starting episode 283/1000000
Starting episode 284/1000000
Starting episode 285/1000000
Starting episode 286/1000000
Starting episode 287/1000000
Starting episode 288/1000000
Starting episode 289/1000000
Starting episode 290/1000000
Starting episode 291/1000000
Starting episode 292/1000000
Starting episode 293/1000000
Starting episode 294/1000000
Starting episode 295/1000000
Starting episode 296/1000000
Starting episode 297/1000000
Starting episode 298/1000000
Starting episode 299/1000000
Starting episode 300/1000000
Starting episode 301/1000000
Setting morphology filter to: moderate
Enabling branching in environment.
Starting episode 302/1000000
Starting episode 303/1000000
Starting episode 304/1000000
Starting episode 305/1000000
Starting episode 306/1000000
Starting episode 307/1000000
Starting episode 308/1000000
Starting episode 309/1000000
Starting episode 310/1000000
Starting episode 311/1000000
Starting episode 312/1000000
Starting episode 313/1000000
Starting episode 314/1000000
Starting episode 315/1000000
Starting episode 316/1000000
Starting episode 317/1000000
Starting episode 318/1000000
Starting episode 319/1000000
Starting episode 320/1000000
Starting episode 321/1000000
Starting episode 322/1000000
Starting episode 323/1000000
Starting episode 324/1000000
Starting episode 325/1000000
Starting episode 326/1000000
Starting episode 327/1000000
Starting episode 328/1000000
Starting episode 329/1000000
Starting episode 330/1000000
Starting episode 331/1000000
Starting episode 332/1000000
Starting episode 333/1000000
Starting episode 334/1000000
Starting episode 335/1000000
Starting episode 336/1000000
Starting episode 337/1000000
Starting episode 338/1000000
Starting episode 339/1000000
Starting episode 340/1000000
Starting episode 341/1000000
Starting episode 342/1000000
Starting episode 343/1000000
Starting episode 344/1000000
Starting episode 345/1000000
Starting episode 346/1000000
Starting episode 347/1000000
Starting episode 348/1000000
Starting episode 349/1000000
Starting episode 350/1000000
Starting episode 351/1000000
Starting episode 352/1000000
Starting episode 353/1000000
Starting episode 354/1000000
Starting episode 355/1000000
Starting episode 356/1000000
Starting episode 357/1000000
Starting episode 358/1000000
Starting episode 359/1000000
Starting episode 360/1000000
Starting episode 361/1000000
Starting episode 362/1000000
Starting episode 363/1000000
Starting episode 364/1000000
Starting episode 365/1000000
Starting episode 366/1000000
Starting episode 367/1000000
Starting episode 368/1000000
Starting episode 369/1000000
Starting episode 370/1000000
Starting episode 371/1000000
Starting episode 372/1000000
Starting episode 373/1000000
Starting episode 374/1000000
Starting episode 375/1000000
Starting episode 376/1000000
Starting episode 377/1000000
Starting episode 378/1000000
Starting episode 379/1000000
Starting episode 380/1000000
Starting episode 381/1000000
Starting episode 382/1000000
Starting episode 383/1000000
Starting episode 384/1000000
Starting episode 385/1000000
Starting episode 386/1000000
Starting episode 387/1000000
Starting episode 388/1000000
Starting episode 389/1000000
Starting episode 390/1000000
Starting episode 391/1000000
Starting episode 392/1000000
Starting episode 393/1000000
Starting episode 394/1000000
Starting episode 395/1000000
Starting episode 396/1000000
Starting episode 397/1000000
Starting episode 398/1000000
Starting episode 399/1000000
Starting episode 400/1000000
Starting episode 401/1000000
Starting episode 402/1000000
Starting episode 403/1000000
Starting episode 404/1000000
Starting episode 405/1000000
Starting episode 406/1000000
Starting episode 407/1000000
Starting episode 408/1000000
Starting episode 409/1000000
Starting episode 410/1000000
Starting episode 411/1000000
Starting episode 412/1000000
Starting episode 413/1000000
Starting episode 414/1000000
Starting episode 415/1000000
Starting episode 416/1000000
Starting episode 417/1000000
Starting episode 418/1000000
Starting episode 419/1000000
Starting episode 420/1000000
Starting episode 421/1000000
Starting episode 422/1000000
Starting episode 423/1000000
Starting episode 424/1000000
Starting episode 425/1000000
Starting episode 426/1000000
Starting episode 427/1000000
Starting episode 428/1000000
Starting episode 429/1000000
Starting episode 430/1000000
Starting episode 431/1000000
Starting episode 432/1000000
Starting episode 433/1000000
Starting episode 434/1000000
Starting episode 435/1000000
Starting episode 436/1000000
Starting episode 437/1000000
Starting episode 438/1000000
Starting episode 439/1000000
Starting episode 440/1000000
Starting episode 441/1000000
Starting episode 442/1000000
Starting episode 443/1000000
Starting episode 444/1000000
Starting episode 445/1000000
Starting episode 446/1000000
Starting episode 447/1000000
Starting episode 448/1000000
Starting episode 449/1000000
Starting episode 450/1000000
Starting episode 451/1000000
Starting episode 452/1000000
Starting episode 453/1000000
Starting episode 454/1000000
Starting episode 455/1000000
Starting episode 456/1000000
Starting episode 457/1000000
Starting episode 458/1000000
Starting episode 459/1000000
Starting episode 460/1000000
Starting episode 461/1000000
Starting episode 462/1000000
Starting episode 463/1000000
Starting episode 464/1000000
Starting episode 465/1000000
Starting episode 466/1000000
Starting episode 467/1000000
Starting episode 468/1000000
Starting episode 469/1000000
Starting episode 470/1000000
Starting episode 471/1000000
Starting episode 472/1000000
Starting episode 473/1000000
Starting episode 474/1000000
Starting episode 475/1000000
Starting episode 476/1000000
Starting episode 477/1000000
Starting episode 478/1000000
Starting episode 479/1000000
Starting episode 480/1000000
Starting episode 481/1000000
Starting episode 482/1000000
Starting episode 483/1000000
Starting episode 484/1000000
Starting episode 485/1000000
Starting episode 486/1000000
Starting episode 487/1000000
Starting episode 488/1000000
Starting episode 489/1000000
Starting episode 490/1000000
Starting episode 491/1000000
Starting episode 492/1000000
Starting episode 493/1000000
Starting episode 494/1000000
Starting episode 495/1000000
Starting episode 496/1000000
Starting episode 497/1000000
Starting episode 498/1000000
Starting episode 499/1000000
Starting episode 500/1000000
Starting episode 501/1000000
Starting episode 502/1000000
Starting episode 503/1000000
Starting episode 504/1000000
Starting episode 505/1000000
Starting episode 506/1000000
Starting episode 507/1000000
Starting episode 508/1000000
Starting episode 509/1000000
Starting episode 510/1000000
Starting episode 511/1000000
Starting episode 512/1000000
Starting episode 513/1000000
Starting episode 514/1000000
Starting episode 515/1000000
Starting episode 516/1000000
Starting episode 517/1000000
Starting episode 518/1000000
Starting episode 519/1000000
Starting episode 520/1000000
Starting episode 521/1000000
Starting episode 522/1000000
Starting episode 523/1000000
Starting episode 524/1000000
Starting episode 525/1000000
Starting episode 526/1000000
Starting episode 527/1000000
Starting episode 528/1000000
Starting episode 529/1000000
Starting episode 530/1000000
Starting episode 531/1000000
Starting episode 532/1000000
Starting episode 533/1000000
Starting episode 534/1000000
Starting episode 535/1000000
Starting episode 536/1000000
Starting episode 537/1000000
Starting episode 538/1000000
Starting episode 539/1000000
Starting episode 540/1000000
Starting episode 541/1000000
Starting episode 542/1000000
Starting episode 543/1000000
Starting episode 544/1000000
Starting episode 545/1000000
Starting episode 546/1000000
Starting episode 547/1000000
Starting episode 548/1000000
Starting episode 549/1000000
Starting episode 550/1000000
Starting episode 551/1000000
Starting episode 552/1000000
Starting episode 553/1000000
Starting episode 554/1000000
Starting episode 555/1000000
Starting episode 556/1000000
Starting episode 557/1000000
Starting episode 558/1000000
Starting episode 559/1000000
Starting episode 560/1000000
Starting episode 561/1000000
Starting episode 562/1000000
Starting episode 563/1000000
Starting episode 564/1000000
Starting episode 565/1000000
Starting episode 566/1000000
Starting episode 567/1000000
Starting episode 568/1000000
Starting episode 569/1000000
Starting episode 570/1000000
Starting episode 571/1000000
Starting episode 572/1000000
Starting episode 573/1000000
Starting episode 574/1000000
Starting episode 575/1000000
Starting episode 576/1000000
Starting episode 577/1000000
Starting episode 578/1000000
Starting episode 579/1000000
Starting episode 580/1000000
Starting episode 581/1000000
Starting episode 582/1000000
Starting episode 583/1000000
Starting episode 584/1000000
Starting episode 585/1000000
Starting episode 586/1000000
Starting episode 587/1000000
Starting episode 588/1000000
Starting episode 589/1000000
Starting episode 590/1000000
Starting episode 591/1000000
Starting episode 592/1000000
Starting episode 593/1000000
Starting episode 594/1000000
Starting episode 595/1000000
Starting episode 596/1000000
Starting episode 597/1000000
Starting episode 598/1000000
Starting episode 599/1000000
Starting episode 600/1000000
Starting episode 601/1000000
Setting morphology filter to: complex
Starting episode 602/1000000
Starting episode 603/1000000
Starting episode 604/1000000
Starting episode 605/1000000
Starting episode 606/1000000
Starting episode 607/1000000
Starting episode 608/1000000
Starting episode 609/1000000
Starting episode 610/1000000
Starting episode 611/1000000
Starting episode 612/1000000
Starting episode 613/1000000
Starting episode 614/1000000
Starting episode 615/1000000
Starting episode 616/1000000
Starting episode 617/1000000
Starting episode 618/1000000
Starting episode 619/1000000
Starting episode 620/1000000
Starting episode 621/1000000
Starting episode 622/1000000
Starting episode 623/1000000
Starting episode 624/1000000
Starting episode 625/1000000
Starting episode 626/1000000
Starting episode 627/1000000
Starting episode 628/1000000
Starting episode 629/1000000
Starting episode 630/1000000
Starting episode 631/1000000
Starting episode 632/1000000
Starting episode 633/1000000
Starting episode 634/1000000
Starting episode 635/1000000
Starting episode 636/1000000
Starting episode 637/1000000
Starting episode 638/1000000
Starting episode 639/1000000
Starting episode 640/1000000
Starting episode 641/1000000
Starting episode 642/1000000
Starting episode 643/1000000
Starting episode 644/1000000
Starting episode 645/1000000
Starting episode 646/1000000
Starting episode 647/1000000
Starting episode 648/1000000
Starting episode 649/1000000
Starting episode 650/1000000
Starting episode 651/1000000
Starting episode 652/1000000
Starting episode 653/1000000
Starting episode 654/1000000
Starting episode 655/1000000
Starting episode 656/1000000
Starting episode 657/1000000
Starting episode 658/1000000
Starting episode 659/1000000
Starting episode 660/1000000
Starting episode 661/1000000
Starting episode 662/1000000
Starting episode 663/1000000
Starting episode 664/1000000
Starting episode 665/1000000
Starting episode 666/1000000
Starting episode 667/1000000
Starting episode 668/1000000
Starting episode 669/1000000
Starting episode 670/1000000
Starting episode 671/1000000
Starting episode 672/1000000
Starting episode 673/1000000
Starting episode 674/1000000
Starting episode 675/1000000
Starting episode 676/1000000
Starting episode 677/1000000
Starting episode 678/1000000
Starting episode 679/1000000
Starting episode 680/1000000
Starting episode 681/1000000
Starting episode 682/1000000
Starting episode 683/1000000
Starting episode 684/1000000
Starting episode 685/1000000
Starting episode 686/1000000
Starting episode 687/1000000
Starting episode 688/1000000
Starting episode 689/1000000
Starting episode 690/1000000
Starting episode 691/1000000
Starting episode 692/1000000
Starting episode 693/1000000
Starting episode 694/1000000
Starting episode 695/1000000
Starting episode 696/1000000
Starting episode 697/1000000
Starting episode 698/1000000
Starting episode 699/1000000
Starting episode 700/1000000
Starting episode 701/1000000
Starting episode 702/1000000
Starting episode 703/1000000
Starting episode 704/1000000
Starting episode 705/1000000
Starting episode 706/1000000
Starting episode 707/1000000
Starting episode 708/1000000
Starting episode 709/1000000
Starting episode 710/1000000
Starting episode 711/1000000
Starting episode 712/1000000
Starting episode 713/1000000
Starting episode 714/1000000
Starting episode 715/1000000
Starting episode 716/1000000
Starting episode 717/1000000
Starting episode 718/1000000
Starting episode 719/1000000
Starting episode 720/1000000
Starting episode 721/1000000
Starting episode 722/1000000
Starting episode 723/1000000
Starting episode 724/1000000
Starting episode 725/1000000
Starting episode 726/1000000
Starting episode 727/1000000
Starting episode 728/1000000
Starting episode 729/1000000
Starting episode 730/1000000
Starting episode 731/1000000
Starting episode 732/1000000
Starting episode 733/1000000
Starting episode 734/1000000
Starting episode 735/1000000
Starting episode 736/1000000
Starting episode 737/1000000
Starting episode 738/1000000
Starting episode 739/1000000
Starting episode 740/1000000
Starting episode 741/1000000
Starting episode 742/1000000
Starting episode 743/1000000
Starting episode 744/1000000
Starting episode 745/1000000
Starting episode 746/1000000
Starting episode 747/1000000
Starting episode 748/1000000
Starting episode 749/1000000
Starting episode 750/1000000
Starting episode 751/1000000
Starting episode 752/1000000
Starting episode 753/1000000
Starting episode 754/1000000
Starting episode 755/1000000
Starting episode 756/1000000
Starting episode 757/1000000
Starting episode 758/1000000
Starting episode 759/1000000
Starting episode 760/1000000
Starting episode 761/1000000
Starting episode 762/1000000
Starting episode 763/1000000
Starting episode 764/1000000
Starting episode 765/1000000
Starting episode 766/1000000
Starting episode 767/1000000
Starting episode 768/1000000
Starting episode 769/1000000
Starting episode 770/1000000
Starting episode 771/1000000
Starting episode 772/1000000
Starting episode 773/1000000
Starting episode 774/1000000
Starting episode 775/1000000
Starting episode 776/1000000
Starting episode 777/1000000
Starting episode 778/1000000
Starting episode 779/1000000
Starting episode 780/1000000
Starting episode 781/1000000
Starting episode 782/1000000
Starting episode 783/1000000
Starting episode 784/1000000
Starting episode 785/1000000
Starting episode 786/1000000
Starting episode 787/1000000
Starting episode 788/1000000
Starting episode 789/1000000
Starting episode 790/1000000
Starting episode 791/1000000
Starting episode 792/1000000
Starting episode 793/1000000
Starting episode 794/1000000
Starting episode 795/1000000
Starting episode 796/1000000
Starting episode 797/1000000
Starting episode 798/1000000
Starting episode 799/1000000
Starting episode 800/1000000
Starting episode 801/1000000
Starting episode 802/1000000
Starting episode 803/1000000
Starting episode 804/1000000
Starting episode 805/1000000
Starting episode 806/1000000
Starting episode 807/1000000
Starting episode 808/1000000
Starting episode 809/1000000
Starting episode 810/1000000
Starting episode 811/1000000
Starting episode 812/1000000
Starting episode 813/1000000
Starting episode 814/1000000
Starting episode 815/1000000
Starting episode 816/1000000
Starting episode 817/1000000
Starting episode 818/1000000
Starting episode 819/1000000
Starting episode 820/1000000
Starting episode 821/1000000
Starting episode 822/1000000
Starting episode 823/1000000
Starting episode 824/1000000
Starting episode 825/1000000
Starting episode 826/1000000
Starting episode 827/1000000
Starting episode 828/1000000
Starting episode 829/1000000
Starting episode 830/1000000
Starting episode 831/1000000
Starting episode 832/1000000
Starting episode 833/1000000
Starting episode 834/1000000
Starting episode 835/1000000
Starting episode 836/1000000
Starting episode 837/1000000
Starting episode 838/1000000
Starting episode 839/1000000
Starting episode 840/1000000
Starting episode 841/1000000
Starting episode 842/1000000
Starting episode 843/1000000
Starting episode 844/1000000
Starting episode 845/1000000
Starting episode 846/1000000
Starting episode 847/1000000
Starting episode 848/1000000
Starting episode 849/1000000
Starting episode 850/1000000
Starting episode 851/1000000
Starting episode 852/1000000
Starting episode 853/1000000
Starting episode 854/1000000
Starting episode 855/1000000
Starting episode 856/1000000
Starting episode 857/1000000
Starting episode 858/1000000
Starting episode 859/1000000
Starting episode 860/1000000
Starting episode 861/1000000
Starting episode 862/1000000
Starting episode 863/1000000
Starting episode 864/1000000
Starting episode 865/1000000
Starting episode 866/1000000
Starting episode 867/1000000
Starting episode 868/1000000
Starting episode 869/1000000
Starting episode 870/1000000
Starting episode 871/1000000
Starting episode 872/1000000
Starting episode 873/1000000
Starting episode 874/1000000
Starting episode 875/1000000
Starting episode 876/1000000
Starting episode 877/1000000
Starting episode 878/1000000
Starting episode 879/1000000
Starting episode 880/1000000
Starting episode 881/1000000
Starting episode 882/1000000
Starting episode 883/1000000
Starting episode 884/1000000
Starting episode 885/1000000
Starting episode 886/1000000
Starting episode 887/1000000
Starting episode 888/1000000
Starting episode 889/1000000
Starting episode 890/1000000
Starting episode 891/1000000
Starting episode 892/1000000
Starting episode 893/1000000
Starting episode 894/1000000
Starting episode 895/1000000
Starting episode 896/1000000
Starting episode 897/1000000
Starting episode 898/1000000
Starting episode 899/1000000
Starting episode 900/1000000
Starting episode 901/1000000
Setting morphology filter to: any
Starting episode 902/1000000
Starting episode 903/1000000
Starting episode 904/1000000
Starting episode 905/1000000
Starting episode 906/1000000
Starting episode 907/1000000
Starting episode 908/1000000
Starting episode 909/1000000
Starting episode 910/1000000
Starting episode 911/1000000
Starting episode 912/1000000
Starting episode 913/1000000
Starting episode 914/1000000
Starting episode 915/1000000
Starting episode 916/1000000
Starting episode 917/1000000
Starting episode 918/1000000
Starting episode 919/1000000
Starting episode 920/1000000
Starting episode 921/1000000
Starting episode 922/1000000
Starting episode 923/1000000
Starting episode 924/1000000
Starting episode 925/1000000
Starting episode 926/1000000
Starting episode 927/1000000
Starting episode 928/1000000
Starting episode 929/1000000
Starting episode 930/1000000
Starting episode 931/1000000
Starting episode 932/1000000
Starting episode 933/1000000
Starting episode 934/1000000
Starting episode 935/1000000
Starting episode 936/1000000
Starting episode 937/1000000
Starting episode 938/1000000
Starting episode 939/1000000
Starting episode 940/1000000
Starting episode 941/1000000
Starting episode 942/1000000
Starting episode 943/1000000
Starting episode 944/1000000
Starting episode 945/1000000
Starting episode 946/1000000
Starting episode 947/1000000
Starting episode 948/1000000
Starting episode 949/1000000
Starting episode 950/1000000
Starting episode 951/1000000
Starting episode 952/1000000
Starting episode 953/1000000
Starting episode 954/1000000
Starting episode 955/1000000
Starting episode 956/1000000
Starting episode 957/1000000
Starting episode 958/1000000
Starting episode 959/1000000
Starting episode 960/1000000
Starting episode 961/1000000
Starting episode 962/1000000
Starting episode 963/1000000
Starting episode 964/1000000
Starting episode 965/1000000
Starting episode 966/1000000
Starting episode 967/1000000
Starting episode 968/1000000
Starting episode 969/1000000
Starting episode 970/1000000
Starting episode 971/1000000
Starting episode 972/1000000
Starting episode 973/1000000
Starting episode 974/1000000
Starting episode 975/1000000
Starting episode 976/1000000
Starting episode 977/1000000
Starting episode 978/1000000
Starting episode 979/1000000
Starting episode 980/1000000
Starting episode 981/1000000
Starting episode 982/1000000
Starting episode 983/1000000
Starting episode 984/1000000
Starting episode 985/1000000
Starting episode 986/1000000
Starting episode 987/1000000
Starting episode 988/1000000
Starting episode 989/1000000
Starting episode 990/1000000
Starting episode 991/1000000
Starting episode 992/1000000
Starting episode 993/1000000
Starting episode 994/1000000
Starting episode 995/1000000
Starting episode 996/1000000
Starting episode 997/1000000
Starting episode 998/1000000
Starting episode 999/1000000
Starting episode 1000/1000000
Starting episode 1001/1000000
Starting episode 1002/1000000
Starting episode 1003/1000000
Starting episode 1004/1000000
Starting episode 1005/1000000
Starting episode 1006/1000000
Starting episode 1007/1000000
Starting episode 1008/1000000
Starting episode 1009/1000000
Starting episode 1010/1000000
Starting episode 1011/1000000
Starting episode 1012/1000000
Starting episode 1013/1000000
Starting episode 1014/1000000
Starting episode 1015/1000000
Starting episode 1016/1000000
Starting episode 1017/1000000
Starting episode 1018/1000000
Starting episode 1019/1000000
Starting episode 1020/1000000
Starting episode 1021/1000000
Starting episode 1022/1000000
Starting episode 1023/1000000
Starting episode 1024/1000000
Starting episode 1025/1000000
Starting episode 1026/1000000
Starting episode 1027/1000000
Starting episode 1028/1000000
Starting episode 1029/1000000
Starting episode 1030/1000000
Starting episode 1031/1000000
Starting episode 1032/1000000
Starting episode 1033/1000000
Starting episode 1034/1000000
Starting episode 1035/1000000
Starting episode 1036/1000000
Starting episode 1037/1000000
Starting episode 1038/1000000
Starting episode 1039/1000000
Starting episode 1040/1000000
Starting episode 1041/1000000
Starting episode 1042/1000000
Starting episode 1043/1000000
Starting episode 1044/1000000
Starting episode 1045/1000000
Starting episode 1046/1000000
Starting episode 1047/1000000
Starting episode 1048/1000000
Starting episode 1049/1000000
Starting episode 1050/1000000
Starting episode 1051/1000000
Starting episode 1052/1000000
Starting episode 1053/1000000
Starting episode 1054/1000000
Starting episode 1055/1000000
Starting episode 1056/1000000
Starting episode 1057/1000000
Starting episode 1058/1000000
Starting episode 1059/1000000
